<?xml version="1.0" encoding="UTF-8"?>
<testsuite name="com.miempresa.sopaletras.ValidarPalabraUseCaseTest" tests="5" skipped="0" failures="0" errors="0" timestamp="2026-05-23T06:10:59" hostname="KM" time="0.016">
  <properties/>
  <testcase name="palabra ya encontrada no vuelve a validarse" classname="com.miempresa.sopaletras.ValidarPalabraUseCaseTest" time="0.013"/>
  <testcase name="selección con posiciones distintas retorna PalabraInvalida" classname="com.miempresa.sopaletras.ValidarPalabraUseCaseTest" time="0.001"/>
  <testcase name="selección coincidente en orden directo retorna PalabraValida" classname="com.miempresa.sopaletras.ValidarPalabraUseCaseTest" time="0.0"/>
  <testcase name="selección coincidente en orden inverso retorna PalabraValida" classname="com.miempresa.sopaletras.ValidarPalabraUseCaseTest" time="0.0"/>
  <testcase name="selección vacía retorna PalabraInvalida" classname="com.miempresa.sopaletras.ValidarPalabraUseCaseTest" time="0.001"/>
  <system-out><![CDATA[]]></system-out>
  <system-err><![CDATA[]]></system-err>
</testsuite>
